build/app/outputs/mapping/release/seeds.txt
com.iqonic.news_flutter.MainActivity
com.iqonic.news_flutter.MainActivity: MainActivity()
...
com.google.android.gms.internal.ads.zzug$zzy: int zzdv
io.flutter.plugins.webviewflutter.JavaScriptChannel
com.google.android.gms.internal.ads.zzbw$zza: int zzei
androidx.fragment.R$id: int tag_unhandled_key_listeners
androidx.appcompat.R$dimen: int abc_search_view_preferred_height
androidx.appcompat.R$style: int Base_TextAppearance_Widget_AppCompat_Toolbar_Title
com.google.android.gms.internal.ads.zzepa$zzb: boolean zziyo
com.google.android.gms.internal.ads.zzug$zzf: int zzdv
androidx.appcompat.widget.MenuPopupWindow$MenuDropDownListView: void setSelector(android.graphics.drawable.Drawable)
io.github.ponnamkarthik.toast.fluttertoast.R$id: int tag_transition_group
io.flutter.plugin.platform.SingleViewPresentation: io.flutter.plugin.platform.AccessibilityEventsDelegate accessibilityEventsDelegate
androidx.appcompat.R$attr: int actionModeBackground
com.google.android.gms.internal.ads.zzug$zzf: int zzcbf
com.google.android.gms.internal.ads.zzepa$zzb$zzh: byte zzixq
androidx.appcompat.R$id: int scrollView
io.flutter.app.FlutterApplication
androidx.appcompat.R$styleable: int AppCompatTextView_fontFamily
androidx.fragment.app.SpecialEffectsController$Operation$State: androidx.fragment.app.SpecialEffectsController$Operation$State[] values()
com.google.android.gms.ads.mediation.MediationNativeAdapter: void requestNativeAd(android.content.Context,com.google.android.gms.ads.mediation.MediationNativeListener,android.os.Bundle,com.google.android.gms.ads.mediation.NativeMediationAdRequest,android.os.Bundle)
com.google.android.gms.internal.ads.zzbw$zza: java.lang.String zzed
com.google.android.gms.ads.AdService
com.google.android.gms.internal.ads.zzug$zzg: int zzcbm
androidx.work.ListenableWorker: java.util.Set getTags()
io.flutter.embedding.engine.renderer.SurfaceTextureWrapper: SurfaceTextureWrapper(android.graphics.SurfaceTexture)
com.google.android.gms.measurement.AppMeasurement: java.lang.String getCurrentScreenName()
io.flutter.plugin.editing.ImeSyncDeferringInsetsCallback: android.view.WindowInsets access$402(io.flutter.plugin.editing.ImeSyncDeferringInsetsCallback,android.view.WindowInsets)
androidx.appcompat.R$drawable: int abc_list_selector_holo_dark
androidx.fragment.app.FragmentActivity: FragmentActivity()
com.google.android.gms.base.R$drawable: int common_google_signin_btn_text_dark
com.google.android.gms.internal.firebase-auth-api.zzgm: com.google.android.gms.internal.firebase-auth-api.zzyu zzf
androidx.appcompat.R$dimen: int abc_control_corner_material
androidx.core.R$attr: int fontProviderFetchTimeout
io.flutter.view.AccessibilityViewEmbedder: void copyAccessibilityFields(android.view.accessibility.AccessibilityNodeInfo,android.view.accessibility.AccessibilityNodeInfo)
androidx.appcompat.widget.AbsActionBarView: void setContentHeight(int)
com.google.android.gms.internal.ads.zzdum: android.os.Parcelable$Creator CREATOR
androidx.core.widget.NestedScrollView: void setSmoothScrollingEnabled(boolean)
android.support.v4.app.RemoteActionCompatParcelizer: void write(androidx.core.app.RemoteActionCompat,androidx.versionedparcelable.VersionedParcel)
com.google.android.gms.internal.ads.zzug$zzy: com.google.android.gms.internal.ads.zzug$zzy zzcgs
com.onesignal.JobIntentService$ComponentNameWithWakeful
com.google.android.gms.internal.measurement.zzeh
androidx.appcompat.R$style: int Base_Widget_AppCompat_ListView
androidx.appcompat.widget.Toolbar: android.view.Menu getMenu()
com.google.android.gms.internal.ads.zzeeb
android.support.v4.media.session.MediaSessionCompat$ResultReceiverWrapper: android.os.Parcelable$Creator CREATOR
androidx.appcompat.R$id: int radio
com.google.android.gms.internal.ads.zzug$zzh: java.lang.String zzcbs
com.google.android.gms.internal.ads.zzeen: com.google.android.gms.internal.ads.zzemx zzek
com.google.android.gms.internal.measurement.zzfo: long zzh
androidx.appcompat.R$id: int add
com.onesignal.R$id: int search_bar
androidx.core.R$styleable: int ColorStateListItem_android_alpha