build/app/outputs/mapping/release/usage.txt
com.iqonic.news_flutter.R$integer
com.iqonic.news_flutter.R$interpolator
com.iqonic.news_flutter.R$style
com.iqonic.news_flutter.R$id
com.iqonic.news_flutter.R$xml
com.iqonic.news_flutter.R
com.iqonic.news_flutter.R$dimen
com.iqonic.news_flutter.R$animator
com.iqonic.news_flutter.R$styleable
com.iqonic.news_flutter.R$bool
com.iqonic.news_flutter.R$attr
com.iqonic.news_flutter.R$raw
com.iqonic.news_flutter.R$layout
com.iqonic.news_flutter.BuildConfig
com.iqonic.news_flutter.R$string
com.iqonic.news_flutter.R$color
com.iqonic.news_flutter.R$mipmap
com.iqonic.news_flutter.R$anim
com.iqonic.news_flutter.R$drawable
...
androidx.swiperefreshlayout.R$color
kotlin.jvm.internal.FunctionBase
com.google.android.exoplayer2.offline.DownloadHelper$DownloadTrackSelection
android.support.customtabs.ICustomTabsService$Stub:
    public void <init>()
    public android.os.IBinder asBinder()
    public boolean onTransact(int,android.os.Parcel,android.os.Parcel,int)
    private static final java.lang.String DESCRIPTOR
    static final int TRANSACTION_warmup
    static final int TRANSACTION_newSession
    static final int TRANSACTION_mayLaunchUrl
    static final int TRANSACTION_extraCommand
    static final int TRANSACTION_updateVisuals
    static final int TRANSACTION_requestPostMessageChannel
    static final int TRANSACTION_postMessage
    static final int TRANSACTION_validateRelationship
androidx.media.MediaBrowserServiceCompatApi21$BrowserRoot
com.google.android.gms.internal.auth-api.zzm
androidx.core.view.ViewPropertyAnimatorCompat:
    public androidx.core.view.ViewPropertyAnimatorCompat alphaBy(float)
    public androidx.core.view.ViewPropertyAnimatorCompat translationX(float)
    public androidx.core.view.ViewPropertyAnimatorCompat withEndAction(java.lang.Runnable)
    public android.view.animation.Interpolator getInterpolator()
    public long getStartDelay()
    public androidx.core.view.ViewPropertyAnimatorCompat rotation(float)
    public androidx.core.view.ViewPropertyAnimatorCompat rotationBy(float)
    public androidx.core.view.ViewPropertyAnimatorCompat rotationX(float)
    public androidx.core.view.ViewPropertyAnimatorCompat rotationXBy(float)
    public androidx.core.view.ViewPropertyAnimatorCompat rotationY(float)
    public androidx.core.view.ViewPropertyAnimatorCompat rotationYBy(float)
    public androidx.core.view.ViewPropertyAnimatorCompat scaleX(float)
    public androidx.core.view.ViewPropertyAnimatorCompat scaleXBy(float)
    public androidx.core.view.ViewPropertyAnimatorCompat scaleY(float)
    public androidx.core.view.ViewPropertyAnimatorCompat scaleYBy(float)
    public androidx.core.view.ViewPropertyAnimatorCompat x(float)
    public androidx.core.view.ViewPropertyAnimatorCompat xBy(float)
    public androidx.core.view.ViewPropertyAnimatorCompat y(float)
    public androidx.core.view.ViewPropertyAnimatorCompat yBy(float)
    public androidx.core.view.ViewPropertyAnimatorCompat translationXBy(float)
com.google.android.exoplayer2.drm.HttpMediaDrmCallback:
    public void <init>(java.lang.String,com.google.android.exoplayer2.upstream.HttpDataSource$Factory)
    public void clearKeyRequestProperty(java.lang.String)
    public void clearAllKeyRequestProperties()
    private static final int MAX_MANUAL_REDIRECTS
com.google.android.gms.internal.auth.zzr
com.baseflow.permissionhandler.R$string
androidx.room.R$color
com.google.firebase.messaging.SendException:
    public int getErrorCode()
    public static final int ERROR_UNKNOWN
    public static final int ERROR_INVALID_PARAMETERS
    public static final int ERROR_SIZE
    public static final int ERROR_TTL_EXCEEDED
    public static final int ERROR_TOO_MANY_MESSAGES
androidx.core.view.WindowInsetsAnimationCompat$Impl
com.google.common.collect.FilteredSetMultimap
com.google.common.collect.Maps$FilteredEntryBiMap$1
com.google.android.exoplayer2.source.ConcatenatingMediaSource$MessageData
com.google.android.gms.auth.api.credentials.CredentialPickerConfig
androidx.appcompat.widget.AppCompatCheckedTextView:
    public void <init>(android.content.Context)
    public boolean isEmojiCompatEnabled()
androidx.viewpager.widget.ViewPager$ViewPositionComparator
com.google.android.gms.base.R
android.support.v4.media.session.MediaSessionCompatApi23$Callback
com.google.android.gms.safetynet.SafetyNetApi$zzc
io.flutter.embedding.engine.systemchannels.PlatformViewsChannel:
    private static final java.lang.String TAG
com.google.android.gms.internal.measurement.zzgp:
    private void <init>()
androidx.appcompat.R$style:
    private void <init>()